[debug] [2022-02-19T12:07:27.962Z] ----------------------------------------------------------------------
[debug] [2022-02-19T12:07:27.964Z] Command:       C:\Program Files\nodejs\node.exe C:\Users\annas\AppData\Roaming\npm\node_modules\firebase-tools\lib\bin\firebase.js init
[debug] [2022-02-19T12:07:27.965Z] CLI Version:   10.2.1
[debug] [2022-02-19T12:07:27.965Z] Platform:      win32
[debug] [2022-02-19T12:07:27.965Z] Node Version:  v16.13.2
[debug] [2022-02-19T12:07:27.966Z] Time:          Sat Feb 19 2022 21:07:27 GMT+0900 (대한민국 표준시)
[debug] [2022-02-19T12:07:27.966Z] ----------------------------------------------------------------------
[debug] 
[debug] [2022-02-19T12:07:27.978Z] > command requires scopes: ["email","openid","https://www.googleapis.com/auth/cloudplatformprojects.readonly","https://www.googleapis.com/auth/firebase","https://www.googleapis.com/auth/cloud-platform"]
[debug] [2022-02-19T12:07:27.978Z] > authorizing via signed-in user (annase306@gmail.com)
[info] 
     ######## #### ########  ######## ########     ###     ######  ########
     ##        ##  ##     ## ##       ##     ##  ##   ##  ##       ##
     ######    ##  ########  ######   ########  #########  ######  ######
     ##        ##  ##    ##  ##       ##     ## ##     ##       ## ##
     ##       #### ##     ## ######## ########  ##     ##  ######  ########

You're about to initialize a Firebase project in this directory:

  C:\Users\annas\Desktop\21\public

[info] 
=== Project Setup
[info] 
[info] First, let's associate this project directory with a Firebase project.
[info] You can create multiple project aliases by running firebase use --add, 
[info] but for now we'll just set up a default project.
[info] 
[debug] [2022-02-19T12:07:41.930Z] >>> [apiv2][query] GET https://firebase.googleapis.com/v1beta1/projects pageSize=100
[debug] [2022-02-19T12:07:42.730Z] <<< [apiv2][status] GET https://firebase.googleapis.com/v1beta1/projects 200
[debug] [2022-02-19T12:07:42.730Z] <<< [apiv2][body] GET https://firebase.googleapis.com/v1beta1/projects [omitted]
[info] i  Using project pr0ject-21 (PR0JECT-21) 
[info] 
=== Hosting Setup
[info] 
[info] Your public directory is the folder (relative to your project directory) that
[info] will contain Hosting assets to be uploaded with firebase deploy. If you
[info] have a build process for your assets, use your build's output directory.
[info] 
